<?xml version="1.0" encoding="UTF-8"?>
<!-- Generated by org.testng.reporters.JUnitReportReporter -->
<testsuite hostname="DESKTOP-73MJJ0D" failures="0" tests="1" name="CucumberOptions.TestNGTestrunner" time="0.166" errors="0" timestamp="2024-06-26T16:38:05 IST" skipped="0">
  <testcase classname="CucumberOptions.TestNGTestrunner" name="runScenario" time="0.166"/>
</testsuite> <!-- CucumberOptions.TestNGTestrunner -->
